[    42.194] (WW) Failed to open protocol names file lib/xorg/protocol.txt
[    42.194] 
X.Org X Server 1.20.5
X Protocol Version 11, Revision 0
[    42.194] Build Operating System: Linux Arch Linux
[    42.194] Current Operating System: Linux platypus 5.3.7-arch1-2-ARCH #1 SMP PREEMPT @1572002934 x86_64
[    42.194] Kernel command line: BOOT_IMAGE=/boot/vmlinuz-linux root=UUID=2569c86f-275c-41fc-80ff-df7bd048d859 rw loglevel=3 quiet
[    42.194] Build Date: 25 October 2019  08:43:50AM
[    42.194]  
[    42.194] Current version of pixman: 0.38.4
[    42.194] 	Before reporting problems, check http://wiki.x.org
	to make sure that you have the latest version.
[    42.194] Markers: (--) probed, (**) from config file, (==) default setting,
	(++) from command line, (!!) notice, (II) informational,
	(WW) warning, (EE) error, (NI) not implemented, (??) unknown.
[    42.196] (==) Log file: "/home/platypus/.local/share/xorg/Xorg.0.log", Time: Thu Oct 31 19:38:27 2019
[    42.197] (==) Using system config directory "/usr/share/X11/xorg.conf.d"
[    42.197] (==) No Layout section.  Using the first Screen section.
[    42.197] (==) No screen section available. Using defaults.
[    42.197] (**) |-->Screen "Default Screen Section" (0)
[    42.197] (**) |   |-->Monitor "<default monitor>"
[    42.197] (==) No monitor specified for screen "Default Screen Section".
	Using a default monitor configuration.
[    42.197] (==) Automatically adding devices
[    42.197] (==) Automatically enabling devices
[    42.197] (==) Automatically adding GPU devices
[    42.197] (==) Automatically binding GPU devices
[    42.197] (==) Max clients allowed: 256, resource mask: 0x1fffff
[    42.197] (WW) `fonts.dir' not found (or not valid) in "/usr/share/fonts/misc".
[    42.197] 	Entry deleted from font path.
[    42.197] 	(Run 'mkfontdir' on "/usr/share/fonts/misc").
[    42.197] (WW) The directory "/usr/share/fonts/TTF" does not exist.
[    42.197] 	Entry deleted from font path.
[    42.197] (WW) The directory "/usr/share/fonts/OTF" does not exist.
[    42.197] 	Entry deleted from font path.
[    42.197] (WW) The directory "/usr/share/fonts/Type1" does not exist.
[    42.197] 	Entry deleted from font path.
[    42.197] (==) FontPath set to:
	/usr/share/fonts/100dpi,
	/usr/share/fonts/75dpi
[    42.197] (==) ModulePath set to "/usr/lib/xorg/modules"
[    42.197] (II) The server relies on udev to provide the list of input devices.
	If no devices become available, reconfigure udev or disable AutoAddDevices.
[    42.197] (II) Module ABI versions:
[    42.197] 	X.Org ANSI C Emulation: 0.4
[    42.197] 	X.Org Video Driver: 24.0
[    42.197] 	X.Org XInput driver : 24.1
[    42.197] 	X.Org Server Extension : 10.0
[    42.198] (++) using VT number 1

[    42.199] (II) systemd-logind: took control of session /org/freedesktop/login1/session/_31
[    42.199] (II) xfree86: Adding drm device (/dev/dri/card0)
[    42.199] (EE) systemd-logind: failed to take device /dev/dri/card0: Operation not permitted
[    42.213] (--) PCI:*(0@0:2:0) 8086:3e9b:1028:0906 rev 2, Mem @ 0xeb000000/16777216, 0x80000000/268435456, I/O @ 0x00004000/64, BIOS @ 0x????????/131072
[    42.213] (--) PCI: (1@0:0:0) 10de:1fb9:1028:0906 rev 161, Mem @ 0xec000000/16777216, 0xc0000000/268435456, 0xd0000000/33554432, I/O @ 0x00003000/128, BIOS @ 0x????????/524288
[    42.213] (WW) Open ACPI failed (/var/run/acpid.socket) (No such file or directory)
[    42.213] (II) LoadModule: "glx"
[    42.213] (II) Loading /usr/lib/xorg/modules/extensions/libglx.so
[    42.214] (II) Module glx: vendor="X.Org Foundation"
[    42.214] 	compiled for 1.20.5, module version = 1.0.0
[    42.214] 	ABI class: X.Org Server Extension, version 10.0
[    42.214] (II) Applying OutputClass "intel" to /dev/dri/card0
[    42.214] 	loading driver: modesetting
[    42.214] (==) Matched modesetting as autoconfigured driver 0
[    42.214] (==) Matched intel as autoconfigured driver 1
[    42.214] (==) Matched fbdev as autoconfigured driver 2
[    42.214] (==) Matched vesa as autoconfigured driver 3
[    42.214] (==) Assigned the driver to the xf86ConfigLayout
[    42.214] (II) LoadModule: "modesetting"
[    42.214] (II) Loading /usr/lib/xorg/modules/drivers/modesetting_drv.so
[    42.216] (II) Module modesetting: vendor="X.Org Foundation"
[    42.216] 	compiled for 1.20.5, module version = 1.20.5
[    42.216] 	Module class: X.Org Video Driver
[    42.216] 	ABI class: X.Org Video Driver, version 24.0
[    42.216] (II) LoadModule: "intel"
[    42.216] (II) Loading /usr/lib/xorg/modules/drivers/intel_drv.so
[    42.219] (II) Module intel: vendor="X.Org Foundation"
[    42.219] 	compiled for 1.20.5, module version = 2.99.917
[    42.219] 	Module class: X.Org Video Driver
[    42.219] 	ABI class: X.Org Video Driver, version 24.0
[    42.219] (II) LoadModule: "fbdev"
[    42.219] (WW) Warning, couldn't open module fbdev
[    42.219] (EE) Failed to load module "fbdev" (module does not exist, 0)
[    42.219] (II) LoadModule: "vesa"
[    42.219] (II) Loading /usr/lib/xorg/modules/drivers/vesa_drv.so
[    42.219] (II) Module vesa: vendor="X.Org Foundation"
[    42.219] 	compiled for 1.20.0, module version = 2.4.0
[    42.219] 	Module class: X.Org Video Driver
[    42.219] 	ABI class: X.Org Video Driver, version 24.0
[    42.219] (II) modesetting: Driver for Modesetting Kernel Drivers: kms
[    42.219] (II) intel: Driver for Intel(R) Integrated Graphics Chipsets:
	i810, i810-dc100, i810e, i815, i830M, 845G, 854, 852GM/855GM, 865G,
	915G, E7221 (i915), 915GM, 945G, 945GM, 945GME, Pineview GM,
	Pineview G, 965G, G35, 965Q, 946GZ, 965GM, 965GME/GLE, G33, Q35, Q33,
	GM45, 4 Series, G45/G43, Q45/Q43, G41, B43
[    42.219] (II) intel: Driver for Intel(R) HD Graphics
[    42.219] (II) intel: Driver for Intel(R) Iris(TM) Graphics
[    42.219] (II) intel: Driver for Intel(R) Iris(TM) Pro Graphics
[    42.219] (II) VESA: driver for VESA chipsets: vesa
[    42.219] xf86EnableIOPorts: failed to set IOPL for I/O (Operation not permitted)
[    42.225] (II) modeset(0): using drv /dev/dri/card0
[    42.225] (WW) VGA arbiter: cannot open kernel arbiter, no multi-card support
[    42.225] (II) modeset(0): Creating default Display subsection in Screen section
	"Default Screen Section" for depth/fbbpp 24/32
[    42.225] (==) modeset(0): Depth 24, (==) framebuffer bpp 32
[    42.225] (==) modeset(0): RGB weight 888
[    42.225] (==) modeset(0): Default visual is TrueColor
[    42.225] (II) Loading sub module "glamoregl"
[    42.225] (II) LoadModule: "glamoregl"
[    42.225] (II) Loading /usr/lib/xorg/modules/libglamoregl.so
[    42.229] (II) Module glamoregl: vendor="X.Org Foundation"
[    42.229] 	compiled for 1.20.5, module version = 1.0.1
[    42.229] 	ABI class: X.Org ANSI C Emulation, version 0.4
[    42.307] (II) modeset(0): glamor X acceleration enabled on Mesa DRI Intel(R) UHD Graphics 630 (Coffeelake 3x8 GT2) 
[    42.307] (II) modeset(0): glamor initialized
[    42.309] (II) modeset(0): Output eDP-1 has no monitor section
[    42.309] (II) modeset(0): Output DP-1 has no monitor section
[    42.309] (II) modeset(0): Output DP-2 has no monitor section
[    42.312] (II) modeset(0): Output DP-3 has no monitor section
[    42.314] (II) modeset(0): EDID for output eDP-1
[    42.314] (II) modeset(0): Manufacturer: SHP  Model: 14ba  Serial#: 0
[    42.314] (II) modeset(0): Year: 2019  Week: 22
[    42.314] (II) modeset(0): EDID Version: 1.4
[    42.314] (II) modeset(0): Digital Display Input
[    42.314] (II) modeset(0): 8 bits per channel
[    42.314] (II) modeset(0): Digital interface is DisplayPort
[    42.314] (II) modeset(0): Max Image Size [cm]: horiz.: 34  vert.: 19
[    42.314] (II) modeset(0): Gamma: 2.20
[    42.314] (II) modeset(0): No DPMS capabilities specified
[    42.314] (II) modeset(0): Supported color encodings: RGB 4:4:4 YCrCb 4:4:4 
[    42.314] (II) modeset(0): Default color space is primary color space
[    42.314] (II) modeset(0): First detailed timing is preferred mode
[    42.314] (II) modeset(0): Preferred mode is native pixel format and refresh rate
[    42.314] (II) modeset(0): redX: 0.640 redY: 0.329   greenX: 0.300 greenY: 0.600
[    42.314] (II) modeset(0): blueX: 0.149 blueY: 0.060   whiteX: 0.312 whiteY: 0.328
[    42.315] (II) modeset(0): Manufacturer's mask: 0
[    42.315] (II) modeset(0): Supported detailed timing:
[    42.315] (II) modeset(0): clock: 142.5 MHz   Image Size:  344 x 194 mm
[    42.315] (II) modeset(0): h_active: 1920  h_sync: 1968  h_sync_end 2000 h_blank_end 2080 h_border: 0
[    42.315] (II) modeset(0): v_active: 1080  v_sync: 1083  v_sync_end 1088 v_blanking: 1142 v_border: 0
[    42.315] (II) modeset(0):  MWP1T€LQ156M1
[    42.315] (II) modeset(0): Unknown vendor-specific block 0
[    42.315] (II) modeset(0): EDID (in hex):
[    42.315] (II) modeset(0): 	00ffffffffffff004d10ba1400000000
[    42.315] (II) modeset(0): 	161d0104a52213780ede50a3544c9926
[    42.315] (II) modeset(0): 	0f505400000001010101010101010101
[    42.315] (II) modeset(0): 	010101010101ac3780a070383e403020
[    42.315] (II) modeset(0): 	350058c2100000180000000000000000
[    42.315] (II) modeset(0): 	00000000000000000000000000fe004d
[    42.315] (II) modeset(0): 	57503154804c513135364d3100000000
[    42.315] (II) modeset(0): 	0002410332001200000a010a202000d3
[    42.315] (II) modeset(0): Printing probed modes for output eDP-1
[    42.315] (II) modeset(0): Modeline "1920x1080"x60.0  142.52  1920 1968 2000 2080  1080 1083 1088 1142 -hsync -vsync (68.5 kHz eP)
[    42.315] (II) modeset(0): Modeline "1920x1080"x119.9  266.50  1920 1944 1960 2000  1080 1081 1084 1111 doublescan +hsync -vsync (133.2 kHz d)
[    42.315] (II) modeset(0): Modeline "1920x1080"x60.0  173.00  1920 2048 2248 2576  1080 1083 1088 1120 -hsync +vsync (67.2 kHz d)
[    42.315] (II) modeset(0): Modeline "1920x1080"x59.9  138.50  1920 1968 2000 2080  1080 1083 1088 1111 +hsync -vsync (66.6 kHz d)
[    42.315] (II) modeset(0): Modeline "1680x1050"x60.0  146.25  1680 1784 1960 2240  1050 1053 1059 1089 -hsync +vsync (65.3 kHz d)
[    42.315] (II) modeset(0): Modeline "1680x1050"x59.9  119.00  1680 1728 1760 1840  1050 1053 1059 1080 +hsync -vsync (64.7 kHz d)
[    42.315] (II) modeset(0): Modeline "1400x1050"x60.0  122.00  1400 1488 1640 1880  1050 1052 1064 1082 +hsync +vsync (64.9 kHz d)
[    42.315] (II) modeset(0): Modeline "1600x900"x120.0  246.00  1600 1728 1900 2200  900 901 904 932 doublescan -hsync +vsync (111.8 kHz d)
[    42.315] (II) modeset(0): Modeline "1600x900"x119.9  186.50  1600 1624 1640 1680  900 901 904 926 doublescan +hsync -vsync (111.0 kHz d)
[    42.315] (II) modeset(0): Modeline "1600x900"x59.9  118.25  1600 1696 1856 2112  900 903 908 934 -hsync +vsync (56.0 kHz d)
[    42.315] (II) modeset(0): Modeline "1600x900"x59.8   97.50  1600 1648 1680 1760  900 903 908 926 +hsync -vsync (55.4 kHz d)
[    42.315] (II) modeset(0): Modeline "1280x1024"x60.0  108.00  1280 1328 1440 1688  1024 1025 1028 1066 +hsync +vsync (64.0 kHz d)
[    42.315] (II) modeset(0): Modeline "1400x900"x60.0  103.50  1400 1480 1624 1848  900 903 913 934 -hsync +vsync (56.0 kHz d)
[    42.315] (II) modeset(0): Modeline "1400x900"x59.9   86.50  1400 1448 1480 1560  900 903 913 926 +hsync -vsync (55.4 kHz d)
[    42.315] (II) modeset(0): Modeline "1280x960"x60.0  108.00  1280 1376 1488 1800  960 961 964 1000 +hsync +vsync (60.0 kHz d)
[    42.315] (II) modeset(0): Modeline "1440x810"x120.0  198.12  1440 1548 1704 1968  810 811 814 839 doublescan -hsync +vsync (100.7 kHz d)
[    42.315] (II) modeset(0): Modeline "1440x810"x119.9  151.88  1440 1464 1480 1520  810 811 814 833 doublescan +hsync -vsync (99.9 kHz d)
[    42.315] (II) modeset(0): Modeline "1368x768"x59.9   85.25  1368 1440 1576 1784  768 771 781 798 -hsync +vsync (47.8 kHz d)
[    42.315] (II) modeset(0): Modeline "1368x768"x59.9   72.25  1368 1416 1448 1528  768 771 781 790 +hsync -vsync (47.3 kHz d)
[    42.315] (II) modeset(0): Modeline "1280x800"x120.0  174.25  1280 1380 1516 1752  800 801 804 829 doublescan -hsync +vsync (99.5 kHz d)
[    42.315] (II) modeset(0): Modeline "1280x800"x119.9  134.25  1280 1304 1320 1360  800 801 804 823 doublescan +hsync -vsync (98.7 kHz d)
[    42.315] (II) modeset(0): Modeline "1280x800"x59.8   83.50  1280 1352 1480 1680  800 803 809 831 -hsync +vsync (49.7 kHz d)
[    42.315] (II) modeset(0): Modeline "1280x800"x59.9   71.00  1280 1328 1360 1440  800 803 809 823 +hsync -vsync (49.3 kHz d)
[    42.315] (II) modeset(0): Modeline "1280x720"x120.0  156.12  1280 1376 1512 1744  720 721 724 746 doublescan -hsync +vsync (89.5 kHz d)
[    42.315] (II) modeset(0): Modeline "1280x720"x120.0  120.75  1280 1304 1320 1360  720 721 724 740 doublescan +hsync -vsync (88.8 kHz d)
[    42.315] (II) modeset(0): Modeline "1280x720"x59.9   74.50  1280 1344 1472 1664  720 723 728 748 -hsync +vsync (44.8 kHz d)
[    42.315] (II) modeset(0): Modeline "1280x720"x59.7   63.75  1280 1328 1360 1440  720 723 728 741 +hsync -vsync (44.3 kHz d)
[    42.316] (II) modeset(0): Modeline "1024x768"x120.1  133.47  1024 1100 1212 1400  768 768 770 794 doublescan -hsync +vsync (95.3 kHz d)
[    42.316] (II) modeset(0): Modeline "1024x768"x60.0   65.00  1024 1048 1184 1344  768 771 777 806 -hsync -vsync (48.4 kHz d)
[    42.316] (II) modeset(0): Modeline "960x720"x120.0  117.00  960 1024 1128 1300  720 720 722 750 doublescan -hsync +vsync (90.0 kHz d)
[    42.316] (II) modeset(0): Modeline "928x696"x120.1  109.15  928 976 1088 1264  696 696 698 719 doublescan -hsync +vsync (86.4 kHz d)
[    42.316] (II) modeset(0): Modeline "896x672"x120.0  102.40  896 960 1060 1224  672 672 674 697 doublescan -hsync +vsync (83.7 kHz d)
[    42.316] (II) modeset(0): Modeline "1024x576"x119.9   98.50  1024 1092 1200 1376  576 577 580 597 doublescan -hsync +vsync (71.6 kHz d)
[    42.316] (II) modeset(0): Modeline "1024x576"x119.9   78.38  1024 1048 1064 1104  576 577 580 592 doublescan +hsync -vsync (71.0 kHz d)
[    42.316] (II) modeset(0): Modeline "1024x576"x59.9   46.50  1024 1064 1160 1296  576 579 584 599 -hsync +vsync (35.9 kHz d)
[    42.316] (II) modeset(0): Modeline "1024x576"x59.8   42.00  1024 1072 1104 1184  576 579 584 593 +hsync -vsync (35.5 kHz d)
[    42.316] (II) modeset(0): Modeline "960x600"x119.9   96.62  960 1028 1128 1296  600 601 604 622 doublescan -hsync +vsync (74.6 kHz d)
[    42.316] (II) modeset(0): Modeline "960x600"x120.0   77.00  960 984 1000 1040  600 601 604 617 doublescan +hsync -vsync (74.0 kHz d)
[    42.316] (II) modeset(0): Modeline "960x540"x119.9   86.50  960 1024 1124 1288  540 541 544 560 doublescan -hsync +vsync (67.2 kHz d)
[    42.316] (II) modeset(0): Modeline "960x540"x120.0   69.25  960 984 1000 1040  540 541 544 555 doublescan +hsync -vsync (66.6 kHz d)
[    42.316] (II) modeset(0): Modeline "960x540"x59.6   40.75  960 992 1088 1216  540 543 548 562 -hsync +vsync (33.5 kHz d)
[    42.316] (II) modeset(0): Modeline "960x540"x59.8   37.25  960 1008 1040 1120  540 543 548 556 +hsync -vsync (33.3 kHz d)
[    42.316] (II) modeset(0): Modeline "800x600"x120.0   81.00  800 832 928 1080  600 600 602 625 doublescan +hsync +vsync (75.0 kHz d)
[    42.316] (II) modeset(0): Modeline "800x600"x60.3   40.00  800 840 968 1056  600 601 605 628 +hsync +vsync (37.9 kHz d)
[    42.316] (II) modeset(0): Modeline "800x600"x56.2   36.00  800 824 896 1024  600 601 603 625 +hsync +vsync (35.2 kHz d)
[    42.316] (II) modeset(0): Modeline "840x525"x120.0   73.12  840 892 980 1120  525 526 529 544 doublescan -hsync +vsync (65.3 kHz d)
[    42.316] (II) modeset(0): Modeline "840x525"x119.8   59.50  840 864 880 920  525 526 529 540 doublescan +hsync -vsync (64.7 kHz d)
[    42.316] (II) modeset(0): Modeline "864x486"x59.9   32.50  864 888 968 1072  486 489 494 506 -hsync +vsync (30.3 kHz d)
[    42.316] (II) modeset(0): Modeline "864x486"x59.6   30.50  864 912 944 1024  486 489 494 500 +hsync -vsync (29.8 kHz d)
[    42.316] (II) modeset(0): Modeline "700x525"x120.0   61.00  700 744 820 940  525 526 532 541 doublescan +hsync +vsync (64.9 kHz d)
[    42.316] (II) modeset(0): Modeline "800x450"x119.9   59.12  800 848 928 1056  450 451 454 467 doublescan -hsync +vsync (56.0 kHz d)
[    42.316] (II) modeset(0): Modeline "800x450"x119.6   48.75  800 824 840 880  450 451 454 463 doublescan +hsync -vsync (55.4 kHz d)
[    42.316] (II) modeset(0): Modeline "640x512"x120.0   54.00  640 664 720 844  512 512 514 533 doublescan +hsync +vsync (64.0 kHz d)
[    42.316] (II) modeset(0): Modeline "700x450"x119.9   51.75  700 740 812 924  450 451 456 467 doublescan -hsync +vsync (56.0 kHz d)
[    42.316] (II) modeset(0): Modeline "700x450"x119.8   43.25  700 724 740 780  450 451 456 463 doublescan +hsync -vsync (55.4 kHz d)
[    42.316] (II) modeset(0): Modeline "640x480"x120.0   54.00  640 688 744 900  480 480 482 500 doublescan +hsync +vsync (60.0 kHz d)
[    42.316] (II) modeset(0): Modeline "640x480"x59.9   25.18  640 656 752 800  480 490 492 525 -hsync -vsync (31.5 kHz d)
[    42.316] (II) modeset(0): Modeline "720x405"x59.5   22.50  720 744 808 896  405 408 413 422 -hsync +vsync (25.1 kHz d)
[    42.316] (II) modeset(0): Modeline "720x405"x59.0   21.75  720 768 800 880  405 408 413 419 +hsync -vsync (24.7 kHz d)
[    42.316] (II) modeset(0): Modeline "684x384"x119.8   42.62  684 720 788 892  384 385 390 399 doublescan -hsync +vsync (47.8 kHz d)
[    42.316] (II) modeset(0): Modeline "684x384"x119.7   36.12  684 708 724 764  384 385 390 395 doublescan +hsync -vsync (47.3 kHz d)
[    42.316] (II) modeset(0): Modeline "640x400"x119.8   41.75  640 676 740 840  400 401 404 415 doublescan -hsync +vsync (49.7 kHz d)
[    42.316] (II) modeset(0): Modeline "640x400"x120.0   35.50  640 664 680 720  400 401 404 411 doublescan +hsync -vsync (49.3 kHz d)
[    42.316] (II) modeset(0): Modeline "640x360"x119.7   37.25  640 672 736 832  360 361 364 374 doublescan -hsync +vsync (44.8 kHz d)
[    42.316] (II) modeset(0): Modeline "640x360"x119.7   31.88  640 664 680 720  360 361 364 370 doublescan +hsync -vsync (44.3 kHz d)
[    42.316] (II) modeset(0): Modeline "640x360"x59.8   18.00  640 664 720 800  360 363 368 376 -hsync +vsync (22.5 kHz d)
[    42.316] (II) modeset(0): Modeline "640x360"x59.3   17.75  640 688 720 800  360 363 368 374 +hsync -vsync (22.2 kHz d)
[    42.316] (II) modeset(0): Modeline "512x384"x120.0   32.50  512 524 592 672  384 385 388 403 doublescan -hsync -vsync (48.4 kHz d)
[    42.316] (II) modeset(0): Modeline "512x288"x120.0   23.25  512 532 580 648  288 289 292 299 doublescan -hsync +vsync (35.9 kHz d)
[    42.316] (II) modeset(0): Modeline "512x288"x119.8   21.00  512 536 552 592  288 289 292 296 doublescan +hsync -vsync (35.5 kHz d)
[    42.316] (II) modeset(0): Modeline "480x270"x119.3   20.38  480 496 544 608  270 271 274 281 doublescan -hsync +vsync (33.5 kHz d)
[    42.316] (II) modeset(0): Modeline "480x270"x119.6   18.62  480 504 520 560  270 271 274 278 doublescan +hsync -vsync (33.3 kHz d)
[    42.316] (II) modeset(0): Modeline "400x300"x120.6   20.00  400 420 484 528  300 300 302 314 doublescan +hsync +vsync (37.9 kHz d)
[    42.316] (II) modeset(0): Modeline "400x300"x112.7   18.00  400 412 448 512  300 300 301 312 doublescan +hsync +vsync (35.2 kHz d)
[    42.316] (II) modeset(0): Modeline "432x243"x119.8   16.25  432 444 484 536  243 244 247 253 doublescan -hsync +vsync (30.3 kHz d)
[    42.316] (II) modeset(0): Modeline "432x243"x119.1   15.25  432 456 472 512  243 244 247 250 doublescan +hsync -vsync (29.8 kHz d)
[    42.316] (II) modeset(0): Modeline "320x240"x120.1   12.59  320 328 376 400  240 245 246 262 doublescan -hsync -vsync (31.5 kHz d)
[    42.316] (II) modeset(0): Modeline "360x202"x119.0   11.25  360 372 404 448  202 204 206 211 doublescan -hsync +vsync (25.1 kHz d)
[    42.316] (II) modeset(0): Modeline "360x202"x118.3   10.88  360 384 400 440  202 204 206 209 doublescan +hsync -vsync (24.7 kHz d)
[    42.316] (II) modeset(0): Modeline "320x180"x119.7    9.00  320 332 360 400  180 181 184 188 doublescan -hsync +vsync (22.5 kHz d)
[    42.316] (II) modeset(0): Modeline "320x180"x118.6    8.88  320 344 360 400  180 181 184 187 doublescan +hsync -vsync (22.2 kHz d)
[    42.316] (II) modeset(0): EDID for output DP-1
[    42.316] (II) modeset(0): EDID for output DP-2
[    42.319] (II) modeset(0): EDID for output DP-3
[    42.319] (II) modeset(0): Output eDP-1 connected
[    42.319] (II) modeset(0): Output DP-1 disconnected
[    42.319] (II) modeset(0): Output DP-2 disconnected
[    42.319] (II) modeset(0): Output DP-3 disconnected
[    42.319] (II) modeset(0): Using exact sizes for initial modes
[    42.319] (II) modeset(0): Output eDP-1 using initial mode 1920x1080 +0+0
[    42.319] (==) modeset(0): Using gamma correction (1.0, 1.0, 1.0)
[    42.319] (==) modeset(0): DPI set to (96, 96)
[    42.319] (II) Loading sub module "fb"
[    42.319] (II) LoadModule: "fb"
[    42.319] (II) Loading /usr/lib/xorg/modules/libfb.so
[    42.320] (II) Module fb: vendor="X.Org Foundation"
[    42.320] 	compiled for 1.20.5, module version = 1.0.0
[    42.320] 	ABI class: X.Org ANSI C Emulation, version 0.4
[    42.320] (II) UnloadModule: "intel"
[    42.320] (II) Unloading intel
[    42.321] (II) UnloadModule: "vesa"
[    42.321] (II) Unloading vesa
[    42.321] (EE) modeset(0): drmSetMaster failed: Permission denied
[    42.321] (EE) 
Fatal server error:
[    42.321] (EE) AddScreen/ScreenInit failed for driver 0
[    42.321] (EE) 
[    42.321] (EE) 
Please consult the The X.Org Foundation support 
	 at http://wiki.x.org
 for help. 
[    42.321] (EE) Please also check the log file at "/home/platypus/.local/share/xorg/Xorg.0.log" for additional information.
[    42.321] (EE) 
[    42.330] (EE) Server terminated with error (1). Closing log file.
