[  1245.022] 
X.Org X Server 1.20.5
X Protocol Version 11, Revision 0
[  1245.022] Build Operating System: Linux Arch Linux
[  1245.022] Current Operating System: Linux platypus 5.3.7-arch1-2-ARCH #1 SMP PREEMPT @1572002934 x86_64
[  1245.022] Kernel command line: BOOT_IMAGE=/boot/vmlinuz-linux root=UUID=2569c86f-275c-41fc-80ff-df7bd048d859 rw loglevel=3 quiet
[  1245.022] Build Date: 25 October 2019  08:43:50AM
[  1245.022]  
[  1245.022] Current version of pixman: 0.38.4
[  1245.022] 	Before reporting problems, check http://wiki.x.org
	to make sure that you have the latest version.
[  1245.022] Markers: (--) probed, (**) from config file, (==) default setting,
	(++) from command line, (!!) notice, (II) informational,
	(WW) warning, (EE) error, (NI) not implemented, (??) unknown.
[  1245.022] (==) Log file: "/var/log/Xorg.8.log", Time: Thu Oct 31 04:49:48 2019
[  1245.022] (++) Using config file: "/etc/bumblebee/xorg.conf.nvidia"
[  1245.022] (++) Using config directory: "/etc/bumblebee/xorg.conf.d"
[  1245.022] (==) Using system config directory "/usr/share/X11/xorg.conf.d"
[  1245.022] (==) ServerLayout "Layout0"
[  1245.022] (==) No screen section available. Using defaults.
[  1245.022] (**) |-->Screen "Default Screen Section" (0)
[  1245.022] (**) |   |-->Monitor "<default monitor>"
[  1245.022] (==) No device specified for screen "Default Screen Section".
	Using the first device section listed.
[  1245.022] (**) |   |-->Device "DiscreteNvidia"
[  1245.022] (==) No monitor specified for screen "Default Screen Section".
	Using a default monitor configuration.
[  1245.022] (**) Option "AutoAddDevices" "false"
[  1245.022] (**) Option "AutoAddGPU" "false"
[  1245.022] (**) Not automatically adding devices
[  1245.022] (==) Automatically enabling devices
[  1245.022] (**) Not automatically adding GPU devices
[  1245.022] (==) Automatically binding GPU devices
[  1245.022] (==) Max clients allowed: 256, resource mask: 0x1fffff
[  1245.022] (WW) `fonts.dir' not found (or not valid) in "/usr/share/fonts/misc".
[  1245.022] 	Entry deleted from font path.
[  1245.022] 	(Run 'mkfontdir' on "/usr/share/fonts/misc").
[  1245.022] (WW) The directory "/usr/share/fonts/TTF" does not exist.
[  1245.022] 	Entry deleted from font path.
[  1245.022] (WW) The directory "/usr/share/fonts/OTF" does not exist.
[  1245.022] 	Entry deleted from font path.
[  1245.022] (WW) The directory "/usr/share/fonts/Type1" does not exist.
[  1245.022] 	Entry deleted from font path.
[  1245.022] (==) FontPath set to:
	/usr/share/fonts/100dpi,
	/usr/share/fonts/75dpi
[  1245.022] (++) ModulePath set to "/usr/lib/nvidia/xorg,/usr/lib/xorg/modules"
[  1245.022] (==) |-->Input Device "<default pointer>"
[  1245.022] (==) |-->Input Device "<default keyboard>"
[  1245.022] (==) The core pointer device wasn't specified explicitly in the layout.
	Using the default mouse configuration.
[  1245.022] (==) The core keyboard device wasn't specified explicitly in the layout.
	Using the default keyboard configuration.
[  1245.022] (II) Module ABI versions:
[  1245.022] 	X.Org ANSI C Emulation: 0.4
[  1245.022] 	X.Org Video Driver: 24.0
[  1245.022] 	X.Org XInput driver : 24.1
[  1245.022] 	X.Org Server Extension : 10.0
[  1245.023] (--) using VT number 2

[  1245.023] (II) systemd-logind: logind integration requires -keeptty and -keeptty was not provided, disabling logind integration
[  1245.023] (II) xfree86: Adding drm device (/dev/dri/card0)
[  1245.038] (--) PCI: (1@0:0:0) 10de:1fb9:1028:0906 rev 161, Mem @ 0xec000000/16777216, 0xc0000000/268435456, 0xd0000000/33554432, I/O @ 0x00003000/128, BIOS @ 0x????????/524288
[  1245.038] (WW) Open ACPI failed (/var/run/acpid.socket) (No such file or directory)
[  1245.038] (II) LoadModule: "glx"
[  1245.038] (II) Loading /usr/lib/xorg/modules/extensions/libglx.so
[  1245.039] (II) Module glx: vendor="X.Org Foundation"
[  1245.039] 	compiled for 1.20.5, module version = 1.0.0
[  1245.039] 	ABI class: X.Org Server Extension, version 10.0
[  1245.039] (II) LoadModule: "nvidia"
[  1245.039] (II) Loading /usr/lib/xorg/modules/drivers/nvidia_drv.so
[  1245.040] (II) Module nvidia: vendor="NVIDIA Corporation"
[  1245.040] 	compiled for 1.6.99.901, module version = 1.0.0
[  1245.040] 	Module class: X.Org Video Driver
[  1245.040] (II) LoadModule: "mouse"
[  1245.040] (WW) Warning, couldn't open module mouse
[  1245.040] (EE) Failed to load module "mouse" (module does not exist, 0)
[  1245.040] (II) LoadModule: "kbd"
[  1245.040] (WW) Warning, couldn't open module kbd
[  1245.040] (EE) Failed to load module "kbd" (module does not exist, 0)
[  1245.040] (II) NVIDIA dlloader X Driver  435.21  Sun Aug 25 08:17:08 CDT 2019
[  1245.040] (II) NVIDIA Unified Driver for all Supported NVIDIA GPUs
[  1245.040] (EE) No devices detected.
[  1245.040] (EE) 
Fatal server error:
[  1245.040] (EE) no screens found(EE) 
[  1245.040] (EE) 
Please consult the The X.Org Foundation support 
	 at http://wiki.x.org
 for help. 
[  1245.040] (EE) Please also check the log file at "/var/log/Xorg.8.log" for additional information.
[  1245.040] (EE) 
[  1245.040] (EE) Server terminated with error (1). Closing log file.
